app/build/intermediates/manifest_merge_blame_file/release/manifest-merger-blame-release-report.txt
1<?xml version="1.0" encoding="utf-8"?>
2<manifest xmlns:android="http://schemas.android.com/apk/res/android"
3    package="com.excel.datadownloader.secondgen"
4    android:versionCode="5"
5    android:versionName="4.0.2" >
6
7    <uses-sdk
8        android:minSdkVersion="19"
8-->src\main\AndroidManifest.xml
9        android:targetSdkVersion="29" />
9-->src\main\AndroidManifest.xml
10
11    <uses-permission android:name="android.permission.RECEIVE_BOOT_COMPLETED" />
11-->src\main\AndroidManifest.xml:6:5-81
11-->src\main\AndroidManifest.xml:6:22-78
12    <uses-permission android:name="android.permission.ACCESS_NETWORK_STATE" />
12-->src\main\AndroidManifest.xml:7:5-79
12-->src\main\AndroidManifest.xml:7:22-76
13    <uses-permission android:name="android.permission.ACCESS_WIFI_STATE" />
13-->src\main\AndroidManifest.xml:8:5-76
13-->src\main\AndroidManifest.xml:8:22-73
14    <uses-permission android:name="android.permission.CHANGE_NETWORK_STATE" />
14-->src\main\AndroidManifest.xml:9:5-79
14-->src\main\AndroidManifest.xml:9:22-76
15    <uses-permission android:name="android.permission.CHANGE_WIFI_STATE" />
15-->src\main\AndroidManifest.xml:10:5-76
15-->src\main\AndroidManifest.xml:10:22-73
16    <uses-permission android:name="android.permission.INTERNET" />
16-->src\main\AndroidManifest.xml:11:5-67
16-->src\main\AndroidManifest.xml:11:22-64
17    <uses-permission android:name="android.permission.READ_EXTERNAL_STORAGE" />
17-->src\main\AndroidManifest.xml:12:5-80
17-->src\main\AndroidManifest.xml:12:22-77
18    <uses-permission android:name="android.permission.WRITE_EXTERNAL_STORAGE" />
18-->src\main\AndroidManifest.xml:13:5-81
18-->src\main\AndroidManifest.xml:13:22-78
19    <uses-permission android:name="android.permission.DOWNLOAD_WITHOUT_NOTIFICATION" />
19-->src\main\AndroidManifest.xml:14:5-88
19-->src\main\AndroidManifest.xml:14:22-85
20    <uses-permission android:name="android.permission.FOREGROUND_SERVICE" />
20-->src\main\AndroidManifest.xml:15:5-77
20-->src\main\AndroidManifest.xml:15:22-74
21    <uses-permission android:name="android.net.conn.CONNECTIVITY_CHANGE" />
21-->src\main\AndroidManifest.xml:16:5-76
21-->src\main\AndroidManifest.xml:16:22-73
22
23    <application
23-->src\main\AndroidManifest.xml:19:5-57:19
24        android:allowBackup="true"
24-->src\main\AndroidManifest.xml:20:9-35
25        android:appComponentFactory="androidx.core.app.CoreComponentFactory"
25-->[androidx.core:core:1.6.0] AndroidManifest.xml:24:18-86
26        android:debuggable="true"
27        android:icon="@drawable/ic_launcher"
27-->src\main\AndroidManifest.xml:21:9-45
28        android:label="@string/app_name"
28-->src\main\AndroidManifest.xml:22:9-41
29        android:requestLegacyExternalStorage="true"
29-->src\main\AndroidManifest.xml:27:9-52
30        android:supportsRtl="true"
30-->src\main\AndroidManifest.xml:23:9-35
31        android:testOnly="true"
32        android:theme="@style/TransparentTheme"
32-->src\main\AndroidManifest.xml:24:9-48
33        android:usesCleartextTraffic="true" >
33-->src\main\AndroidManifest.xml:26:9-44
34        <activity android:name="com.excel.datadownloader.secondgen.MainActivity" >
34-->src\main\AndroidManifest.xml:29:9-34:20
34-->src\main\AndroidManifest.xml:29:19-47
35            <intent-filter>
35-->src\main\AndroidManifest.xml:30:13-33:29
36                <action android:name="android.intent.action.MAIN" />
36-->src\main\AndroidManifest.xml:31:17-69
36-->src\main\AndroidManifest.xml:31:25-66
37
38                <category android:name="android.intent.category.LAUNCHER" />
38-->src\main\AndroidManifest.xml:32:17-77
38-->src\main\AndroidManifest.xml:32:27-74
39            </intent-filter>
40        </activity>
41
42        <receiver
42-->src\main\AndroidManifest.xml:36:9-49:20
43            android:name="com.excel.datadownloader.secondgen.Receiver"
43-->src\main\AndroidManifest.xml:36:19-77
44            android:exported="true" >
44-->src\main\AndroidManifest.xml:37:13-36
45            <intent-filter>
45-->src\main\AndroidManifest.xml:38:13-48:29
46                <action android:name="connectivity_change" />
46-->src\main\AndroidManifest.xml:39:17-62
46-->src\main\AndroidManifest.xml:39:25-59
47                <action android:name="android.net.conn.CONNECTIVITY_CHANGE" />
47-->src\main\AndroidManifest.xml:40:17-79
47-->src\main\AndroidManifest.xml:40:25-76
48                <action android:name="download_preinstall_apps" />
48-->src\main\AndroidManifest.xml:41:17-67
48-->src\main\AndroidManifest.xml:41:25-64
49                <action android:name="get_wallpapers" />
49-->src\main\AndroidManifest.xml:42:17-57
49-->src\main\AndroidManifest.xml:42:25-54
50                <action android:name="get_hotel_logo" />
50-->src\main\AndroidManifest.xml:43:17-57
50-->src\main\AndroidManifest.xml:43:25-54
51                <action android:name="get_tv_channels_file" />
51-->src\main\AndroidManifest.xml:44:17-63
51-->src\main\AndroidManifest.xml:44:25-60
52                <action android:name="get_ota_info" />
52-->src\main\AndroidManifest.xml:45:17-55
52-->src\main\AndroidManifest.xml:45:25-52
53                <action android:name="run_ota_upgrade" />
53-->src\main\AndroidManifest.xml:46:17-58
53-->src\main\AndroidManifest.xml:46:25-55
54                <action android:name="postpone_ota_upgrade" />
54-->src\main\AndroidManifest.xml:47:17-63
54-->src\main\AndroidManifest.xml:47:25-60
55            </intent-filter>
56        </receiver>
57
58        <service android:name="com.excel.datadownloader.services.DownloadWallpaperService" />
58-->src\main\AndroidManifest.xml:51:9-94
58-->src\main\AndroidManifest.xml:51:18-91
59        <service android:name="com.excel.datadownloader.services.DownloadHotelLogoService" />
59-->src\main\AndroidManifest.xml:52:9-94
59-->src\main\AndroidManifest.xml:52:18-91
60        <service android:name="com.excel.datadownloader.services.DownloadOTAService" />
60-->src\main\AndroidManifest.xml:53:9-88
60-->src\main\AndroidManifest.xml:53:18-85
61        <service android:name="com.excel.datadownloader.services.DownloadPreinstallApks" />
61-->src\main\AndroidManifest.xml:54:9-92
61-->src\main\AndroidManifest.xml:54:18-89
62        <service android:name="com.excel.datadownloader.services.DownloadTvChannelsService" />
62-->src\main\AndroidManifest.xml:55:9-95
62-->src\main\AndroidManifest.xml:55:18-92
63    </application>
64
65</manifest>